12:06:21.681 [main] INFO  testCases.TC_001_Validate_BookShelves - Clicked Next
12:06:21.872 [main] INFO  testCases.TC_001_Validate_BookShelves - Set Recipient Name Value
12:06:22.044 [main] INFO  testCases.TC_001_Validate_BookShelves - Set Recipient Email Value
12:06:22.174 [main] INFO  testCases.TC_001_Validate_BookShelves - Set Recipient Mobile Number Value
12:06:22.389 [main] INFO  testCases.TC_001_Validate_BookShelves - Set Customer Name Value
12:06:22.637 [main] INFO  testCases.TC_001_Validate_BookShelves - Set Customer Email Value
12:06:22.885 [main] INFO  testCases.TC_001_Validate_BookShelves - Set Customer Mobile Value
12:06:23.119 [main] INFO  testCases.TC_001_Validate_BookShelves - Set Customer Address Value
12:06:23.311 [main] INFO  testCases.TC_001_Validate_BookShelves - Set Zipcode Value
12:06:24.452 [main] INFO  testCases.TC_001_Validate_BookShelves - Clicked Submit
12:06:25.492 [main] INFO  testCases.TC_001_Validate_BookShelves - Payment Section Present
12:06:26.524 [main] INFO  testCases.TC_001_Validate_BookShelves - Scrolled to Payment Section
12:06:26.534 [main] DEBUG org.apache.poi.openxml4j.opc.PackageRelationshipCollection - Parsing relationship: /xl/_rels/workbook.xml.rels
12:06:26.535 [main] DEBUG org.apache.poi.openxml4j.opc.PackageRelationshipCollection - Parsing relationship: /xl/worksheets/_rels/sheet1.xml.rels
12:06:26.538 [main] DEBUG org.apache.poi.openxml4j.opc.PackageRelationshipCollection - Parsing relationship: /_rels/.rels
12:06:26.579 [main] DEBUG org.apache.poi.openxml4j.opc.ZipPackage - Save content types part
12:06:26.583 [main] DEBUG org.apache.poi.openxml4j.opc.ZipPackage - Save package relationships
12:06:26.585 [main] DEBUG org.apache.poi.openxml4j.opc.ZipPackage - Save part 'docProps/app.xml'
12:06:26.586 [main] DEBUG org.apache.poi.openxml4j.opc.ZipPackage - Save part 'docProps/core.xml'
12:06:26.588 [main] DEBUG org.apache.poi.openxml4j.opc.ZipPackage - Save part 'xl/sharedStrings.xml'
12:06:26.588 [main] DEBUG org.apache.poi.openxml4j.opc.ZipPackage - Save part 'xl/styles.xml'
12:06:26.589 [main] DEBUG org.apache.poi.openxml4j.opc.ZipPackage - Save part 'xl/theme/theme1.xml'
12:06:26.590 [main] DEBUG org.apache.poi.openxml4j.opc.ZipPackage - Save part 'xl/workbook.xml'
12:06:26.593 [main] DEBUG org.apache.poi.openxml4j.opc.ZipPackage - Save part 'xl/worksheets/sheet1.xml'
12:06:26.595 [main] DEBUG testCases.TC_001_Validate_BookShelves - .......Application Logs Ended for TC_003.......
12:06:26.595 [main] INFO  testCases.TC_001_Validate_BookShelves - **** End TC_003_Validate_Gift_Cards ****
12:06:27.071 [main] INFO  testCases.TC_001_Validate_BookShelves - ----------Driver Closed---------------
