23:16:26.311 [main] DEBUG testCases.TC_003_Validate_Gift_Cards - .......Application Logs Started for TC_003.......
23:16:26.316 [main] INFO  testCases.TC_003_Validate_Gift_Cards - **** Start TC_003_Validate_Gift_Cards ****
23:16:29.838 [main] INFO  testCases.TC_003_Validate_Gift_Cards - Navigated
23:16:31.527 [main] INFO  testCases.TC_003_Validate_Gift_Cards - Clicked Gift Cards
23:16:31.640 [main] INFO  testCases.TC_003_Validate_Gift_Cards - Clicked Birthday Anniversary
23:16:31.759 [main] INFO  testCases.TC_003_Validate_Gift_Cards - Set Rupees
23:16:31.860 [main] INFO  testCases.TC_003_Validate_Gift_Cards - Clicked Next
23:16:31.998 [main] INFO  testCases.TC_003_Validate_Gift_Cards - Set Recipient Name Value
23:16:32.099 [main] INFO  testCases.TC_003_Validate_Gift_Cards - Set Recipient Email Value
23:16:32.224 [main] INFO  testCases.TC_003_Validate_Gift_Cards - Set Recipient Mobile Number Value
23:16:32.320 [main] INFO  testCases.TC_003_Validate_Gift_Cards - Set Customer Name Value
23:16:32.433 [main] INFO  testCases.TC_003_Validate_Gift_Cards - Set Customer Email Value
23:16:32.548 [main] INFO  testCases.TC_003_Validate_Gift_Cards - Set Customer Mobile Value
23:16:32.637 [main] INFO  testCases.TC_003_Validate_Gift_Cards - Set Customer Address Value
23:16:32.748 [main] INFO  testCases.TC_003_Validate_Gift_Cards - Set Zipcode Value
23:16:33.837 [main] INFO  testCases.TC_003_Validate_Gift_Cards - Clicked Submit
23:16:34.880 [main] DEBUG org.apache.poi.openxml4j.opc.PackageRelationshipCollection - Parsing relationship: /xl/_rels/workbook.xml.rels
23:16:34.881 [main] DEBUG org.apache.poi.openxml4j.opc.PackageRelationshipCollection - Parsing relationship: /xl/worksheets/_rels/sheet1.xml.rels
23:16:34.881 [main] DEBUG org.apache.poi.openxml4j.opc.PackageRelationshipCollection - Parsing relationship: /_rels/.rels
23:16:34.919 [main] DEBUG org.apache.poi.openxml4j.opc.ZipPackage - Save content types part
23:16:34.920 [main] DEBUG org.apache.poi.openxml4j.opc.ZipPackage - Save package relationships
23:16:34.921 [main] DEBUG org.apache.poi.openxml4j.opc.ZipPackage - Save part 'docProps/app.xml'
23:16:34.921 [main] DEBUG org.apache.poi.openxml4j.opc.ZipPackage - Save part 'docProps/core.xml'
23:16:34.924 [main] DEBUG org.apache.poi.openxml4j.opc.ZipPackage - Save part 'xl/sharedStrings.xml'
23:16:34.924 [main] DEBUG org.apache.poi.openxml4j.opc.ZipPackage - Save part 'xl/styles.xml'
23:16:34.924 [main] DEBUG org.apache.poi.openxml4j.opc.ZipPackage - Save part 'xl/theme/theme1.xml'
23:16:34.925 [main] DEBUG org.apache.poi.openxml4j.opc.ZipPackage - Save part 'xl/workbook.xml'
23:16:34.926 [main] DEBUG org.apache.poi.openxml4j.opc.ZipPackage - Save part 'xl/worksheets/sheet1.xml'
23:16:34.928 [main] DEBUG testCases.TC_003_Validate_Gift_Cards - .......Application Logs Ended for TC_003.......
23:16:34.929 [main] INFO  testCases.TC_003_Validate_Gift_Cards - **** End TC_003_Validate_Gift_Cards ****
23:16:35.252 [main] DEBUG testCases.TC_003_Validate_Gift_Cards - .......Application Logs Started for TC_003.......
23:16:35.252 [main] INFO  testCases.TC_003_Validate_Gift_Cards - **** Start TC_003_Validate_Gift_Cards ****
23:16:37.432 [main] INFO  testCases.TC_003_Validate_Gift_Cards - Navigated
23:16:39.070 [main] INFO  testCases.TC_003_Validate_Gift_Cards - Clicked Gift Cards
23:16:39.176 [main] INFO  testCases.TC_003_Validate_Gift_Cards - Clicked Birthday Anniversary
23:16:39.274 [main] INFO  testCases.TC_003_Validate_Gift_Cards - Set Rupees
23:16:39.366 [main] INFO  testCases.TC_003_Validate_Gift_Cards - Clicked Next
23:16:39.470 [main] INFO  testCases.TC_003_Validate_Gift_Cards - Set Recipient Name Value
23:16:39.580 [main] INFO  testCases.TC_003_Validate_Gift_Cards - Set Recipient Email Value
23:16:39.670 [main] INFO  testCases.TC_003_Validate_Gift_Cards - Set Recipient Mobile Number Value
23:16:39.797 [main] INFO  testCases.TC_003_Validate_Gift_Cards - Set Customer Name Value
23:16:39.908 [main] INFO  testCases.TC_003_Validate_Gift_Cards - Set Customer Email Value
23:16:40.007 [main] INFO  testCases.TC_003_Validate_Gift_Cards - Set Customer Mobile Value
23:16:40.109 [main] INFO  testCases.TC_003_Validate_Gift_Cards - Set Customer Address Value
23:16:40.208 [main] INFO  testCases.TC_003_Validate_Gift_Cards - Set Zipcode Value
23:16:41.325 [main] INFO  testCases.TC_003_Validate_Gift_Cards - Clicked Submit
23:16:42.376 [main] DEBUG org.apache.poi.openxml4j.opc.PackageRelationshipCollection - Parsing relationship: /xl/_rels/workbook.xml.rels
23:16:42.377 [main] DEBUG org.apache.poi.openxml4j.opc.PackageRelationshipCollection - Parsing relationship: /xl/worksheets/_rels/sheet1.xml.rels
23:16:42.378 [main] DEBUG org.apache.poi.openxml4j.opc.PackageRelationshipCollection - Parsing relationship: /_rels/.rels
23:16:42.402 [main] DEBUG org.apache.poi.openxml4j.opc.ZipPackage - Save content types part
23:16:42.403 [main] DEBUG org.apache.poi.openxml4j.opc.ZipPackage - Save package relationships
